Base path: 'C:/Program Files/Unity/Hub/Editor/2019.3.4f1/Editor/Data', plugins path 'C:/Program Files/Unity/Hub/Editor/2019.3.4f1/Editor/Data/PlaybackEngines'
Cmd: initializeCompiler
Cmd: preprocess
  insize=36908 outsize=1919 ok=1
Cmd: preprocess
  insize=811 outsize=209 ok=1
Cmd: preprocess
  insize=811 outsize=209 ok=1
Cmd: preprocess
  insize=811 outsize=209 ok=1
Cmd: preprocess
  insize=811 outsize=209 ok=1
Cmd: preprocess
  insize=811 outsize=209 ok=1
Cmd: preprocess
  insize=811 outsize=209 ok=1
Cmd: preprocess
  insize=811 outsize=209 ok=1
Cmd: preprocess
  insize=811 outsize=209 ok=1
Cmd: preprocess
  insize=37837 outsize=1912 ok=1
Cmd: preprocess
  insize=3870 outsize=504 ok=1
Cmd: preprocess
  insize=5392 outsize=501 ok=1
Cmd: preprocess
  insize=5799 outsize=496 ok=1
Cmd: preprocess
  insize=811 outsize=209 ok=1
Cmd: preprocess
  insize=4132 outsize=496 ok=1
Cmd: preprocess
  insize=6606 outsize=498 ok=1
Cmd: preprocess
  insize=3521 outsize=495 ok=1
Cmd: preprocess
  insize=29349 outsize=1912 ok=1
Cmd: preprocess
  insize=4546 outsize=497 ok=1
Cmd: preprocess
  insize=5799 outsize=496 ok=1
Cmd: preprocess
  insize=37837 outsize=1912 ok=1
Cmd: preprocess
  insize=6606 outsize=498 ok=1
Cmd: preprocess
  insize=4132 outsize=496 ok=1
Cmd: preprocess
  insize=6606 outsize=498 ok=1
Cmd: preprocess
  insize=811 outsize=209 ok=1
Cmd: preprocess
  insize=7063 outsize=494 ok=1
Cmd: preprocess
  insize=41604 outsize=1912 ok=1
Cmd: preprocess
  insize=40199 outsize=1919 ok=1
Cmd: compileSnippet
  api=4 type=0 insize=13223 outsize=706 kw= pd=UNITY_ENABLE_REFLECTION_BUFFERS UNITY_USE_DITHER_MASK_FOR_ALPHABLENDED_SHADOWS UNITY_PBS_USE_BRDF1 UNITY_SPECCUBE_BOX_PROJECTION UNITY_SPECCUBE_BLENDING UNITY_ENABLE_DETAIL_NORMALMAP SHADER_API_DESKTOP UNITY_COLORSPACE_GAMMA UNITY_LIGHT_PROBE_PROXY_VOLUME UNITY_LIGHTMAP_FULL_HDR ok=1
Cmd: preprocess
  insize=40199 outsize=1919 ok=1
Cmd: preprocess
  insize=811 outsize=209 ok=1
Cmd: preprocess
  insize=811 outsize=209 ok=1
Cmd: preprocess
  insize=811 outsize=209 ok=1
Cmd: preprocess
  insize=811 outsize=209 ok=1
Cmd: preprocess
  insize=811 outsize=209 ok=1
Cmd: preprocess
  insize=811 outsize=209 ok=1
Cmd: preprocess
  insize=811 outsize=209 ok=1
Cmd: preprocess
  insize=811 outsize=209 ok=1
Cmd: preprocess
  insize=811 outsize=209 ok=1
Cmd: preprocess
  insize=811 outsize=209 ok=1
Cmd: preprocess
  insize=41604 outsize=1912 ok=1
Cmd: preprocess
  insize=3870 outsize=504 ok=1
Cmd: preprocess
  insize=5392 outsize=501 ok=1
Cmd: preprocess
  insize=5799 outsize=496 ok=1
Cmd: preprocess
  insize=6606 outsize=498 ok=1
Cmd: preprocess
  insize=7063 outsize=494 ok=1
Cmd: preprocess
  insize=3521 outsize=495 ok=1
Cmd: preprocess
  insize=4546 outsize=497 ok=1
Cmd: preprocess
  insize=5003 outsize=494 ok=1
Cmd: preprocess
  insize=33972 outsize=1912 ok=1
Cmd: preprocess
  insize=4132 outsize=496 ok=1
Cmd: preprocess
  insize=4589 outsize=494 ok=1
Cmd: preprocess
  insize=32502 outsize=1911 ok=1
Cmd: preprocess
  insize=28038 outsize=1911 ok=1
Cmd: preprocess
  insize=5002 outsize=495 ok=1
Cmd: preprocess
  insize=6194 outsize=498 ok=1
Cmd: preprocess
  insize=6651 outsize=495 ok=1
Cmd: preprocess
  insize=7064 outsize=496 ok=1
Cmd: preprocess
  insize=7032 outsize=496 ok=1
Cmd: preprocess
  insize=27223 outsize=1920 ok=1
Cmd: preprocess
  insize=7113 outsize=547 ok=1
Cmd: preprocess
  insize=28201 outsize=1963 ok=1
Cmd: preprocess
  insize=5473 outsize=553 ok=1
Cmd: preprocess
  insize=6275 outsize=550 ok=1
Cmd: preprocess
  insize=6732 outsize=546 ok=1
Cmd: preprocess
  insize=3951 outsize=556 ok=1
Cmd: compileSnippet
  api=4 type=0 insize=8696 outsize=1026 kw=UNITY_PASS_SHADOWCASTER pd=UNITY_ENABLE_REFLECTION_BUFFERS UNITY_USE_DITHER_MASK_FOR_ALPHABLENDED_SHADOWS UNITY_PBS_USE_BRDF1 UNITY_SPECCUBE_BOX_PROJECTION UNITY_SPECCUBE_BLENDING UNITY_ENABLE_DETAIL_NORMALMAP SHADER_API_DESKTOP UNITY_COLORSPACE_GAMMA UNITY_LIGHT_PROBE_PROXY_VOLUME UNITY_LIGHTMAP_FULL_HDR ok=1
Cmd: preprocess
  insize=7115 outsize=549 ok=1
Cmd: preprocess
  insize=28203 outsize=1965 ok=1
Cmd: preprocess
  insize=5475 outsize=555 ok=1
Cmd: preprocess
  insize=6277 outsize=552 ok=1
Cmd: preprocess
  insize=6734 outsize=548 ok=1
Cmd: preprocess
  insize=3953 outsize=558 ok=1
Cmd: preprocess
  insize=7119 outsize=553 ok=1
Cmd: preprocess
  insize=28207 outsize=1969 ok=1
Cmd: preprocess
  insize=5479 outsize=559 ok=1
Cmd: preprocess
  insize=6281 outsize=556 ok=1
Cmd: preprocess
  insize=6738 outsize=552 ok=1
Cmd: preprocess
  insize=3957 outsize=562 ok=1
Cmd: preprocess
  insize=7296 outsize=622 ok=1
Cmd: preprocess
  insize=28626 outsize=2036 ok=1
Cmd: preprocess
  insize=5656 outsize=627 ok=1
Cmd: preprocess
  insize=6458 outsize=624 ok=1
Cmd: preprocess
  insize=6915 outsize=621 ok=1
Cmd: preprocess
  insize=4134 outsize=630 ok=1
Cmd: compileSnippet
  api=4 type=0 insize=10014 outsize=706 kw= pd=UNITY_ENABLE_REFLECTION_BUFFERS UNITY_USE_DITHER_MASK_FOR_ALPHABLENDED_SHADOWS UNITY_PBS_USE_BRDF1 UNITY_SPECCUBE_BOX_PROJECTION UNITY_SPECCUBE_BLENDING UNITY_ENABLE_DETAIL_NORMALMAP SHADER_API_DESKTOP UNITY_COLORSPACE_GAMMA UNITY_LIGHT_PROBE_PROXY_VOLUME UNITY_LIGHTMAP_FULL_HDR ok=1
Cmd: preprocess
  insize=811 outsize=209 ok=1
Cmd: preprocess
  insize=811 outsize=209 ok=1
Cmd: preprocess
  insize=4141 outsize=629 ok=1
Cmd: preprocess
  insize=811 outsize=209 ok=1
Cmd: preprocess
  insize=811 outsize=209 ok=1
Cmd: preprocess
  insize=3785 outsize=621 ok=1
Cmd: preprocess
  insize=811 outsize=209 ok=1
Cmd: preprocess
  insize=4730 outsize=620 ok=1
Cmd: preprocess
  insize=811 outsize=209 ok=1
Cmd: preprocess
  insize=7481 outsize=624 ok=1
Cmd: preprocess
  insize=8623 outsize=624 ok=1
Cmd: preprocess
  insize=8886 outsize=622 ok=1
Cmd: preprocess
  insize=47478 outsize=2040 ok=1
Cmd: preprocess
  insize=8872 outsize=615 ok=1
Cmd: preprocess
  insize=47429 outsize=2032 ok=1
Cmd: preprocess
  insize=4127 outsize=622 ok=1
Cmd: preprocess
  insize=4716 outsize=613 ok=1
Cmd: preprocess
  insize=8609 outsize=617 ok=1
Cmd: preprocess
  insize=7282 outsize=614 ok=1
Cmd: preprocess
  insize=5642 outsize=620 ok=1
Cmd: preprocess
  insize=6444 outsize=617 ok=1
Cmd: preprocess
  insize=6901 outsize=614 ok=1
Cmd: preprocess
  insize=4120 outsize=622 ok=1
Cmd: compileSnippet
  api=4 type=0 insize=15427 outsize=1142 kw=UNITY_PASS_SHADOWCASTER pd=UNITY_ENABLE_REFLECTION_BUFFERS UNITY_USE_DITHER_MASK_FOR_ALPHABLENDED_SHADOWS UNITY_PBS_USE_BRDF1 UNITY_SPECCUBE_BOX_PROJECTION UNITY_SPECCUBE_BLENDING UNITY_ENABLE_DETAIL_NORMALMAP SHADER_API_DESKTOP UNITY_COLORSPACE_GAMMA UNITY_LIGHT_PROBE_PROXY_VOLUME UNITY_LIGHTMAP_FULL_HDR ok=1
Cmd: preprocess
  insize=8871 outsize=614 ok=1
Cmd: preprocess
  insize=47428 outsize=2031 ok=1
Cmd: preprocess
  insize=4126 outsize=621 ok=1
Cmd: preprocess
  insize=4715 outsize=612 ok=1
Cmd: preprocess
  insize=8608 outsize=616 ok=1
Cmd: preprocess
  insize=7281 outsize=613 ok=1
Cmd: preprocess
  insize=5641 outsize=619 ok=1
Cmd: preprocess
  insize=6443 outsize=616 ok=1
Cmd: preprocess
  insize=6900 outsize=613 ok=1
Cmd: preprocess
  insize=4119 outsize=621 ok=1
Cmd: preprocess
  insize=8841 outsize=604 ok=1
Cmd: preprocess
  insize=47358 outsize=2021 ok=1
Cmd: preprocess
  insize=4106 outsize=611 ok=1
Cmd: preprocess
  insize=4695 outsize=602 ok=1
Cmd: preprocess
  insize=8578 outsize=606 ok=1
Cmd: preprocess
  insize=7251 outsize=604 ok=1
Cmd: preprocess
  insize=5621 outsize=608 ok=1
Cmd: preprocess
  insize=6423 outsize=606 ok=1
Cmd: preprocess
  insize=6880 outsize=603 ok=1
Cmd: preprocess
  insize=4099 outsize=612 ok=1
Cmd: preprocess
  insize=45392 outsize=2028 ok=1
Cmd: preprocess
  insize=45392 outsize=2028 ok=1
Cmd: preprocess
  insize=45392 outsize=2028 ok=1
Cmd: compileSnippet
  api=4 type=0 insize=14749 outsize=1142 kw=UNITY_PASS_SHADOWCASTER pd=UNITY_ENABLE_REFLECTION_BUFFERS UNITY_USE_DITHER_MASK_FOR_ALPHABLENDED_SHADOWS UNITY_PBS_USE_BRDF1 UNITY_SPECCUBE_BOX_PROJECTION UNITY_SPECCUBE_BLENDING UNITY_ENABLE_DETAIL_NORMALMAP SHADER_API_DESKTOP UNITY_COLORSPACE_GAMMA UNITY_LIGHT_PROBE_PROXY_VOLUME UNITY_LIGHTMAP_FULL_HDR ok=1
Cmd: compileSnippet
  api=4 type=1 insize=14749 outsize=3246 kw=UNITY_PASS_SHADOWCASTER pd=UNITY_ENABLE_REFLECTION_BUFFERS UNITY_USE_DITHER_MASK_FOR_ALPHABLENDED_SHADOWS UNITY_PBS_USE_BRDF1 UNITY_SPECCUBE_BOX_PROJECTION UNITY_SPECCUBE_BLENDING UNITY_ENABLE_DETAIL_NORMALMAP SHADER_API_DESKTOP UNITY_COLORSPACE_GAMMA UNITY_LIGHT_PROBE_PROXY_VOLUME UNITY_LIGHTMAP_FULL_HDR ok=1
Cmd: preprocess
  insize=811 outsize=209 ok=1
Cmd: preprocess
  insize=811 outsize=209 ok=1
Cmd: preprocess
  insize=811 outsize=209 ok=1
Cmd: preprocess
  insize=811 outsize=209 ok=1
Cmd: preprocess
  insize=811 outsize=209 ok=1
Cmd: preprocess
  insize=811 outsize=209 ok=1
Cmd: preprocess
  insize=811 outsize=209 ok=1
Cmd: preprocess
  insize=811 outsize=209 ok=1
Cmd: preprocess
  insize=811 outsize=209 ok=1
Cmd: preprocess
  insize=811 outsize=209 ok=1
Cmd: preprocess
  insize=811 outsize=209 ok=1
Cmd: preprocess
  insize=811 outsize=209 ok=1
Cmd: preprocess
  insize=811 outsize=209 ok=1
Cmd: preprocess
  insize=811 outsize=209 ok=1
Cmd: preprocess
  insize=811 outsize=209 ok=1
Cmd: preprocess
  insize=811 outsize=209 ok=1
Cmd: preprocess
  insize=47358 outsize=2021 ok=1
Cmd: preprocess
  insize=4099 outsize=612 ok=1
Cmd: preprocess
  insize=5621 outsize=608 ok=1
Cmd: preprocess
  insize=7251 outsize=604 ok=1
Cmd: preprocess
  insize=6423 outsize=606 ok=1
Cmd: preprocess
  insize=6880 outsize=603 ok=1
Cmd: preprocess
  insize=4106 outsize=611 ok=1
Cmd: preprocess
  insize=8841 outsize=604 ok=1
Cmd: preprocess
  insize=4695 outsize=602 ok=1
Cmd: preprocess
  insize=8578 outsize=606 ok=1
Cmd: preprocess
  insize=8841 outsize=604 ok=1
Cmd: preprocess
  insize=47358 outsize=2021 ok=1
Cmd: preprocess
  insize=4106 outsize=611 ok=1
Cmd: preprocess
  insize=4695 outsize=602 ok=1
Cmd: preprocess
  insize=8578 outsize=606 ok=1
Cmd: preprocess
  insize=7251 outsize=604 ok=1
Cmd: preprocess
  insize=5621 outsize=608 ok=1
Cmd: preprocess
  insize=6423 outsize=606 ok=1
Cmd: preprocess
  insize=6880 outsize=603 ok=1
Cmd: preprocess
  insize=4099 outsize=612 ok=1
Cmd: preprocess
  insize=8841 outsize=603 ok=1
Cmd: preprocess
  insize=47358 outsize=2022 ok=1
Cmd: preprocess
  insize=4106 outsize=611 ok=1
Cmd: preprocess
  insize=4695 outsize=602 ok=1
Cmd: preprocess
  insize=8578 outsize=606 ok=1
Cmd: preprocess
  insize=7251 outsize=604 ok=1
Cmd: preprocess
  insize=5621 outsize=609 ok=1
Cmd: preprocess
  insize=6423 outsize=606 ok=1
Cmd: preprocess
  insize=6880 outsize=602 ok=1
Cmd: preprocess
  insize=4099 outsize=612 ok=1
Cmd: compileSnippet
  api=4 type=0 insize=15407 outsize=1142 kw=UNITY_PASS_SHADOWCASTER pd=UNITY_ENABLE_REFLECTION_BUFFERS UNITY_USE_DITHER_MASK_FOR_ALPHABLENDED_SHADOWS UNITY_PBS_USE_BRDF1 UNITY_SPECCUBE_BOX_PROJECTION UNITY_SPECCUBE_BLENDING UNITY_ENABLE_DETAIL_NORMALMAP SHADER_API_DESKTOP UNITY_COLORSPACE_GAMMA UNITY_LIGHT_PROBE_PROXY_VOLUME UNITY_LIGHTMAP_FULL_HDR ok=1
Cmd: preprocess
  insize=45392 outsize=2027 ok=1
Cmd: compileSnippet
  api=4 type=0 insize=14749 outsize=1142 kw=UNITY_PASS_SHADOWCASTER pd=UNITY_ENABLE_REFLECTION_BUFFERS UNITY_USE_DITHER_MASK_FOR_ALPHABLENDED_SHADOWS UNITY_PBS_USE_BRDF1 UNITY_SPECCUBE_BOX_PROJECTION UNITY_SPECCUBE_BLENDING UNITY_ENABLE_DETAIL_NORMALMAP SHADER_API_DESKTOP UNITY_COLORSPACE_GAMMA UNITY_LIGHT_PROBE_PROXY_VOLUME UNITY_LIGHTMAP_FULL_HDR ok=1
Cmd: compileSnippet
  api=4 type=1 insize=14749 outsize=3246 kw=UNITY_PASS_SHADOWCASTER pd=UNITY_ENABLE_REFLECTION_BUFFERS UNITY_USE_DITHER_MASK_FOR_ALPHABLENDED_SHADOWS UNITY_PBS_USE_BRDF1 UNITY_SPECCUBE_BOX_PROJECTION UNITY_SPECCUBE_BLENDING UNITY_ENABLE_DETAIL_NORMALMAP SHADER_API_DESKTOP UNITY_COLORSPACE_GAMMA UNITY_LIGHT_PROBE_PROXY_VOLUME UNITY_LIGHTMAP_FULL_HDR ok=1
Cmd: preprocess
  insize=811 outsize=209 ok=1
Cmd: preprocess
  insize=811 outsize=209 ok=1
Cmd: preprocess
  insize=811 outsize=209 ok=1
Cmd: preprocess
  insize=811 outsize=209 ok=1
Cmd: preprocess
  insize=811 outsize=209 ok=1
Cmd: preprocess
  insize=811 outsize=209 ok=1
Cmd: preprocess
  insize=811 outsize=209 ok=1
Cmd: preprocess
  insize=811 outsize=209 ok=1
Cmd: preprocess
  insize=811 outsize=209 ok=1
Cmd: preprocess
  insize=811 outsize=209 ok=1
Cmd: preprocess
  insize=811 outsize=209 ok=1
Cmd: preprocess
  insize=811 outsize=209 ok=1
Cmd: preprocess
  insize=811 outsize=209 ok=1
Cmd: preprocess
  insize=811 outsize=209 ok=1
Cmd: preprocess
  insize=811 outsize=209 ok=1
Cmd: preprocess
  insize=811 outsize=209 ok=1
Cmd: preprocess
  insize=47358 outsize=2022 ok=1
Cmd: preprocess
  insize=4099 outsize=612 ok=1
Cmd: preprocess
  insize=5621 outsize=609 ok=1
Cmd: preprocess
  insize=7251 outsize=604 ok=1
Cmd: preprocess
  insize=6423 outsize=606 ok=1
Cmd: preprocess
  insize=6880 outsize=602 ok=1
Cmd: preprocess
  insize=4106 outsize=611 ok=1
Cmd: preprocess
  insize=8841 outsize=603 ok=1
Cmd: preprocess
  insize=4695 outsize=602 ok=1
Cmd: preprocess
  insize=8578 outsize=606 ok=1
Cmd: preprocess
  insize=45392 outsize=2027 ok=1
Cmd: preprocess
  insize=45392 outsize=2027 ok=1
Cmd: preprocess
  insize=811 outsize=209 ok=1
Cmd: preprocess
  insize=811 outsize=209 ok=1
Cmd: preprocess
  insize=811 outsize=209 ok=1
Cmd: preprocess
  insize=811 outsize=209 ok=1
Cmd: preprocess
  insize=811 outsize=209 ok=1
Cmd: preprocess
  insize=811 outsize=209 ok=1
Cmd: preprocess
  insize=811 outsize=209 ok=1
Cmd: preprocess
  insize=811 outsize=209 ok=1
Cmd: preprocess
  insize=811 outsize=209 ok=1
Cmd: preprocess
  insize=811 outsize=209 ok=1
Cmd: preprocess
  insize=811 outsize=209 ok=1
Cmd: preprocess
  insize=811 outsize=209 ok=1
Cmd: preprocess
  insize=811 outsize=209 ok=1
Cmd: preprocess
  insize=811 outsize=209 ok=1
Cmd: preprocess
  insize=811 outsize=209 ok=1
Cmd: preprocess
  insize=811 outsize=209 ok=1
Cmd: preprocess
  insize=47358 outsize=2022 ok=1
Cmd: preprocess
  insize=4099 outsize=612 ok=1
Cmd: preprocess
  insize=5621 outsize=609 ok=1
Cmd: preprocess
  insize=7251 outsize=604 ok=1
Cmd: preprocess
  insize=6423 outsize=606 ok=1
Cmd: preprocess
  insize=6880 outsize=602 ok=1
Cmd: preprocess
  insize=4106 outsize=611 ok=1
Cmd: preprocess
  insize=8841 outsize=603 ok=1
Cmd: preprocess
  insize=4695 outsize=602 ok=1
Cmd: preprocess
  insize=8578 outsize=606 ok=1
Cmd: preprocess
  insize=8841 outsize=604 ok=1
Cmd: preprocess
  insize=47358 outsize=2022 ok=1
Cmd: preprocess
  insize=4106 outsize=611 ok=1
Cmd: preprocess
  insize=4695 outsize=601 ok=1
Cmd: preprocess
  insize=8578 outsize=606 ok=1
Cmd: preprocess
  insize=7251 outsize=604 ok=1
Cmd: preprocess
  insize=5621 outsize=609 ok=1
Cmd: preprocess
  insize=6423 outsize=606 ok=1
Cmd: preprocess
  insize=6880 outsize=603 ok=1
Cmd: preprocess
  insize=4099 outsize=612 ok=1
Cmd: preprocess
  insize=45392 outsize=2027 ok=1
Cmd: compileSnippet
  api=4 type=0 insize=14749 outsize=1142 kw=UNITY_PASS_SHADOWCASTER pd=UNITY_ENABLE_REFLECTION_BUFFERS UNITY_USE_DITHER_MASK_FOR_ALPHABLENDED_SHADOWS UNITY_PBS_USE_BRDF1 UNITY_SPECCUBE_BOX_PROJECTION UNITY_SPECCUBE_BLENDING UNITY_ENABLE_DETAIL_NORMALMAP SHADER_API_DESKTOP UNITY_COLORSPACE_GAMMA UNITY_LIGHT_PROBE_PROXY_VOLUME UNITY_LIGHTMAP_FULL_HDR ok=1
Cmd: compileSnippet
  api=4 type=1 insize=14749 outsize=3246 kw=UNITY_PASS_SHADOWCASTER pd=UNITY_ENABLE_REFLECTION_BUFFERS UNITY_USE_DITHER_MASK_FOR_ALPHABLENDED_SHADOWS UNITY_PBS_USE_BRDF1 UNITY_SPECCUBE_BOX_PROJECTION UNITY_SPECCUBE_BLENDING UNITY_ENABLE_DETAIL_NORMALMAP SHADER_API_DESKTOP UNITY_COLORSPACE_GAMMA UNITY_LIGHT_PROBE_PROXY_VOLUME UNITY_LIGHTMAP_FULL_HDR ok=1
Cmd: compileSnippet
  api=4 type=0 insize=14918 outsize=706 kw= pd=UNITY_ENABLE_REFLECTION_BUFFERS UNITY_USE_DITHER_MASK_FOR_ALPHABLENDED_SHADOWS UNITY_PBS_USE_BRDF1 UNITY_SPECCUBE_BOX_PROJECTION UNITY_SPECCUBE_BLENDING UNITY_ENABLE_DETAIL_NORMALMAP SHADER_API_DESKTOP UNITY_COLORSPACE_GAMMA UNITY_LIGHT_PROBE_PROXY_VOLUME UNITY_LIGHTMAP_FULL_HDR ok=1
Cmd: preprocess
  insize=811 outsize=209 ok=1
Cmd: preprocess
  insize=811 outsize=209 ok=1
Cmd: preprocess
  insize=811 outsize=209 ok=1
Cmd: preprocess
  insize=811 outsize=209 ok=1
Cmd: preprocess
  insize=811 outsize=209 ok=1
Cmd: preprocess
  insize=811 outsize=209 ok=1
Cmd: preprocess
  insize=811 outsize=209 ok=1
Cmd: preprocess
  insize=811 outsize=209 ok=1
Cmd: preprocess
  insize=811 outsize=209 ok=1
Cmd: preprocess
  insize=811 outsize=209 ok=1
Cmd: preprocess
  insize=811 outsize=209 ok=1
Cmd: preprocess
  insize=811 outsize=209 ok=1
Cmd: preprocess
  insize=811 outsize=209 ok=1
Cmd: preprocess
  insize=811 outsize=209 ok=1
Cmd: preprocess
  insize=811 outsize=209 ok=1
Cmd: preprocess
  insize=811 outsize=209 ok=1
Cmd: preprocess
  insize=47358 outsize=2022 ok=1
Cmd: preprocess
  insize=4099 outsize=612 ok=1
Cmd: preprocess
  insize=5621 outsize=609 ok=1
Cmd: preprocess
  insize=7251 outsize=604 ok=1
Cmd: preprocess
  insize=6423 outsize=606 ok=1
Cmd: preprocess
  insize=6880 outsize=603 ok=1
Cmd: preprocess
  insize=4106 outsize=611 ok=1
Cmd: preprocess
  insize=8841 outsize=604 ok=1
Cmd: preprocess
  insize=4695 outsize=601 ok=1
Cmd: preprocess
  insize=8578 outsize=606 ok=1
Cmd: preprocess
  insize=8841 outsize=604 ok=1
Cmd: preprocess
  insize=47358 outsize=2022 ok=1
Cmd: preprocess
  insize=4106 outsize=611 ok=1
Cmd: preprocess
  insize=4695 outsize=601 ok=1
Cmd: preprocess
  insize=8578 outsize=606 ok=1
Cmd: preprocess
  insize=7251 outsize=604 ok=1
Cmd: preprocess
  insize=5621 outsize=609 ok=1
Cmd: preprocess
  insize=6423 outsize=606 ok=1
Cmd: preprocess
  insize=6880 outsize=603 ok=1
Cmd: preprocess
  insize=4099 outsize=612 ok=1
Cmd: preprocess
  insize=8841 outsize=604 ok=1
Cmd: preprocess
  insize=47358 outsize=2022 ok=1
Cmd: preprocess
  insize=4106 outsize=611 ok=1
Cmd: preprocess
  insize=4695 outsize=602 ok=1
Cmd: preprocess
  insize=8578 outsize=606 ok=1
Cmd: preprocess
  insize=7251 outsize=604 ok=1
Cmd: preprocess
  insize=5621 outsize=609 ok=1
Cmd: preprocess
  insize=6423 outsize=606 ok=1
Cmd: preprocess
  insize=6880 outsize=603 ok=1
Cmd: preprocess
  insize=4099 outsize=612 ok=1
Cmd: preprocess
  insize=45392 outsize=2025 ok=1
Cmd: compileSnippet
  api=4 type=0 insize=14749 outsize=1142 kw=UNITY_PASS_SHADOWCASTER pd=UNITY_ENABLE_REFLECTION_BUFFERS UNITY_USE_DITHER_MASK_FOR_ALPHABLENDED_SHADOWS UNITY_PBS_USE_BRDF1 UNITY_SPECCUBE_BOX_PROJECTION UNITY_SPECCUBE_BLENDING UNITY_ENABLE_DETAIL_NORMALMAP SHADER_API_DESKTOP UNITY_COLORSPACE_GAMMA UNITY_LIGHT_PROBE_PROXY_VOLUME UNITY_LIGHTMAP_FULL_HDR ok=1
Cmd: compileSnippet
  api=4 type=1 insize=14749 outsize=3246 kw=UNITY_PASS_SHADOWCASTER pd=UNITY_ENABLE_REFLECTION_BUFFERS UNITY_USE_DITHER_MASK_FOR_ALPHABLENDED_SHADOWS UNITY_PBS_USE_BRDF1 UNITY_SPECCUBE_BOX_PROJECTION UNITY_SPECCUBE_BLENDING UNITY_ENABLE_DETAIL_NORMALMAP SHADER_API_DESKTOP UNITY_COLORSPACE_GAMMA UNITY_LIGHT_PROBE_PROXY_VOLUME UNITY_LIGHTMAP_FULL_HDR ok=1
Cmd: compileSnippet
  api=4 type=0 insize=14918 outsize=706 kw= pd=UNITY_ENABLE_REFLECTION_BUFFERS UNITY_USE_DITHER_MASK_FOR_ALPHABLENDED_SHADOWS UNITY_PBS_USE_BRDF1 UNITY_SPECCUBE_BOX_PROJECTION UNITY_SPECCUBE_BLENDING UNITY_ENABLE_DETAIL_NORMALMAP SHADER_API_DESKTOP UNITY_COLORSPACE_GAMMA UNITY_LIGHT_PROBE_PROXY_VOLUME UNITY_LIGHTMAP_FULL_HDR ok=1
